<?xml version="1.0" encoding="UTF-8"?>
<!-- Generated by org.testng.reporters.JUnitReportReporter -->
<testsuite skipped="0" hostname="DESKTOP-3QRK3MA" name="diaUno.PruebaAcademia" tests="2" failures="0" timestamp="21 ene 2020 18:51:40 GMT" time="35.719" errors="0">
  <testcase name="Tarea" time="21.573" classname="diaUno.PruebaAcademia"/>
  <testcase name="Ir_Google" time="14.146" classname="diaUno.PruebaAcademia"/>
</testsuite> <!-- diaUno.PruebaAcademia -->
