<?xml version="1.0" encoding="UTF-8"?>
<!-- Generated by org.testng.reporters.JUnitReportReporter -->
<testsuite skipped="0" hostname="DESKTOP-3QRK3MA" name="diaUno.practice" tests="3" failures="0" timestamp="21 ene 2020 18:58:17 GMT" time="16.761" errors="0">
  <testcase name="Practica3" time="10.525" classname="diaUno.practice"/>
  <testcase name="Practica2" time="1.308" classname="diaUno.practice"/>
  <testcase name="Practica" time="4.928" classname="diaUno.practice"/>
</testsuite> <!-- diaUno.practice -->
