<?xml version="1.0" encoding="UTF-8"?>
<!-- Generated by org.testng.reporters.JUnitReportReporter -->
<testsuite skipped="0" hostname="DESKTOP-3QRK3MA" name="diaUno.practice" tests="3" failures="0" timestamp="22 ene 2020 02:32:38 GMT" time="18.536" errors="0">
  <testcase name="Practica3" time="10.967" classname="diaUno.practice"/>
  <testcase name="Practica2" time="1.244" classname="diaUno.practice"/>
  <testcase name="Practica" time="6.325" classname="diaUno.practice"/>
</testsuite> <!-- diaUno.practice -->
